[2019-07-14 19:14:17,470] INFO - ----- Logerr started -----
[2019-07-14 19:14:18,891] INFO - ----- Logerr started -----
[2019-07-14 19:14:46,157] INFO - ----- Logerr started -----
[2019-07-14 19:14:47,610] INFO - ----- Logerr started -----
[2019-07-14 19:14:51,828] INFO - ----- Logerr started -----
[2019-07-14 19:14:53,216] INFO - ----- Logerr started -----
[2019-07-14 19:15:04,846] INFO - ----- Logger started -----
[2019-07-14 19:15:06,251] INFO - ----- Logger started -----
[2019-07-14 19:17:42,860] INFO - ----- Logger started -----
[2019-07-14 19:17:44,375] INFO - ----- Logger started -----
[2019-07-14 19:17:54,882] INFO - Access index!
----- Logger started -----
Access index!
[2019-07-14 19:20:07,023] INFO - ----- Logger started -----
[2019-07-14 19:21:17,502] INFO - ----- Logger started -----
[2019-07-14 19:21:50,390] INFO - ----- Logger started -----
[2019-07-14 19:24:22,623] INFO - ----- Logger started -----
[2019-07-14 19:26:43,536] INFO - Access index!
[2019-07-14 19:26:47,130] INFO - Access index!
[2019-07-14 19:26:47,960] INFO - Access index!
[2019-07-14 19:26:48,120] INFO - Access index!
[2019-07-14 19:26:48,255] INFO - Access index!
----- Logger started -----
Access index!
Access index!
[2019-07-14 19:31:04,828] INFO - ----- Logger started -----
[2019-07-14 19:31:49,852] INFO - Access index!
[2019-07-14 19:32:45,895] WARNING - ----- Logger started -----
[2019-07-14 19:32:54,424] INFO - ----- Logger started -----
[2019-07-14 19:33:52,170] INFO - ----- Logger started -----
[2019-07-14 19:33:58,045] INFO - Access index!
[2019-07-14 19:33:59,266] INFO - Access index!
[2019-07-14 19:33:59,424] INFO - Access index!
[2019-07-14 19:33:59,578] INFO - Access index!
[2019-07-14 19:33:59,711] INFO - Access index!
[2019-07-14 19:34:06,821] INFO - Access index!
[2019-07-14 19:56:59,911] INFO - ----- Logger started -----
[2019-07-14 19:57:01,302] INFO - ----- Logger started -----
